<?xml version="1.0" encoding="UTF-8"?>
<!-- Generated by org.testng.reporters.JUnitXMLReporter -->
<testsuite ignored="0" hostname="DESKTOP-PQFFS2E" failures="1" tests="5" name="Test" time="101.021" errors="0" timestamp="27 Mar 2022 18:45:15 GMT">
  <testcase classname="com.crm.qa.test.LoginPage_Test" name="LoginPageURLTest" time="0.051">
    <skipped/>
  </testcase> <!-- LoginPageURLTest -->
  <testcase classname="com.crm.qa.test.LoginPage_Test" name="LoginPageURLTest" time="0.022">
    <skipped/>
  </testcase> <!-- LoginPageURLTest -->
  <testcase classname="com.crm.qa.test.LoginPage_Test" name="LoginPageURLTest" time="0.03">
    <skipped/>
  </testcase> <!-- LoginPageURLTest -->
  <testcase classname="com.crm.qa.test.LoginPage_Test" name="LoginPageURLTest" time="0.032">
    <failure type="java.lang.AssertionError" message="null">
      <![CDATA[java.lang.AssertionError: null
	at com.crm.qa.test.LoginPage_Test.LoginPageURLTest(LoginPage_Test.java:39)
... Removed 28 stack frames]]>
    </failure>
  </testcase> <!-- LoginPageURLTest -->
  <testcase classname="com.crm.qa.test.LoginPage_Test" name="LoginPageTest" time="19.84"/>
</testsuite> <!-- Test -->
