-------------------------------------------------------------------------------
Test set: com.crm.qa.test.LoginPage_Test
-------------------------------------------------------------------------------
Tests run: 2, Failures: 1, Errors: 0, Skipped: 0, Time elapsed: 43.625 sec <<< FAILURE!
LoginPageURLTest(com.crm.qa.test.LoginPage_Test)  Time elapsed: 0.038 sec  <<< FAILURE!
java.lang.AssertionError: null
	at org.testng.Assert.fail(Assert.java:93)
	at org.testng.Assert.assertNotEquals(Assert.java:897)
	at org.testng.Assert.assertNotEquals(Assert.java:902)
	at com.crm.qa.test.LoginPage_Test.LoginPageURLTest(LoginPage_Test.java:35)

